Flow report for TEI0026
Mon Jan 24 23:14:15 2022
Quartus Prime Version 17.1.0 Build 590 10/25/2017 SJ Lite Edition


---------------------
; Table of Contents ;
---------------------
  1. Legal Notice
  2. Flow Summary
  3. Flow Settings
  4. Flow Non-Default Global Settings
  5. Flow Elapsed Time
  6. Flow OS Summary
  7. Flow Log
  8. Flow Messages
  9. Flow Suppressed Messages



----------------
; Legal Notice ;
----------------
Copyright (C) 2017  Intel Corporation. All rights reserved.
Your use of Intel Corporation's design tools, logic functions 
and other software and tools, and its AMPP partner logic 
functions, and any output files from any of the foregoing 
(including device programming or simulation files), and any 
associated documentation or information are expressly subject 
to the terms and conditions of the Intel Program License 
Subscription Agreement, the Intel Quartus Prime License Agreement,
the Intel FPGA IP License Agreement, or other applicable license
agreement, including, without limitation, that your use is for
the sole purpose of programming logic devices manufactured by
Intel and sold by Intel or its authorized distributors.  Please
refer to the applicable agreement for further details.



+----------------------------------------------------------------------------------+
; Flow Summary                                                                     ;
+------------------------------------+---------------------------------------------+
; Flow Status                        ; Successful - Mon Jan 24 23:14:07 2022       ;
; Quartus Prime Version              ; 17.1.0 Build 590 10/25/2017 SJ Lite Edition ;
; Revision Name                      ; TEI0026                                     ;
; Top-level Entity Name              ; TEI0026                                     ;
; Family                             ; MAX 10                                      ;
; Device                             ; 10M08SAU169C8G                              ;
; Timing Models                      ; Final                                       ;
; Total logic elements               ; 1,841 / 8,064 ( 23 % )                      ;
;     Total combinational functions  ; 1,702 / 8,064 ( 21 % )                      ;
;     Dedicated logic registers      ; 1,013 / 8,064 ( 13 % )                      ;
; Total registers                    ; 1013                                        ;
; Total pins                         ; 31 / 130 ( 24 % )                           ;
; Total virtual pins                 ; 0                                           ;
; Total memory bits                  ; 272,384 / 387,072 ( 70 % )                  ;
; Embedded Multiplier 9-bit elements ; 0 / 48 ( 0 % )                              ;
; Total PLLs                         ; 1 / 1 ( 100 % )                             ;
; UFM blocks                         ; 0 / 1 ( 0 % )                               ;
; ADC blocks                         ; 0 / 1 ( 0 % )                               ;
+------------------------------------+---------------------------------------------+


+-----------------------------------------+
; Flow Settings                           ;
+-------------------+---------------------+
; Option            ; Setting             ;
+-------------------+---------------------+
; Start date & time ; 01/24/2022 23:12:43 ;
; Main task         ; Compilation         ;
; Revision Name     ; TEI0026             ;
+-------------------+---------------------+


+-----------------------------------------------------------------------------------------------------------------------------------------------+
; Flow Non-Default Global Settings                                                                                                              ;
+-------------------------------------+--------------------------------------------------------------+---------------+-------------+------------+
; Assignment Name                     ; Value                                                        ; Default Value ; Entity Name ; Section Id ;
+-------------------------------------+--------------------------------------------------------------+---------------+-------------+------------+
; COMPILER_SIGNATURE_ID               ; 190135458541196.164306236325427                              ; --            ; --          ; --         ;
; FLOW_ENABLE_POWER_ANALYZER          ; On                                                           ; Off           ; --          ; --         ;
; MAX_CORE_JUNCTION_TEMP              ; 85                                                           ; --            ; --          ; --         ;
; MIN_CORE_JUNCTION_TEMP              ; 0                                                            ; --            ; --          ; --         ;
; MISC_FILE                           ; SC_TEI0026/synthesis/../SC_TEI0026.cmp                       ; --            ; --          ; --         ;
; MISC_FILE                           ; SC_TEI0026/synthesis/../../SC_TEI0026.qsys                   ; --            ; --          ; --         ;
; PARTITION_COLOR                     ; -- (Not supported for targeted family)                       ; --            ; --          ; Top        ;
; PARTITION_FITTER_PRESERVATION_LEVEL ; -- (Not supported for targeted family)                       ; --            ; --          ; Top        ;
; PARTITION_NETLIST_TYPE              ; -- (Not supported for targeted family)                       ; --            ; --          ; Top        ;
; POWER_BOARD_THERMAL_MODEL           ; None (CONSERVATIVE)                                          ; --            ; --          ; --         ;
; POWER_DEFAULT_INPUT_IO_TOGGLE_RATE  ; 12.5 %                                                       ; 12.5%         ; --          ; --         ;
; POWER_PRESET_COOLING_SOLUTION       ; 23 MM HEAT SINK WITH 200 LFPM AIRFLOW                        ; --            ; --          ; --         ;
; PROJECT_OUTPUT_DIRECTORY            ; output_files                                                 ; --            ; --          ; --         ;
; SLD_FILE                            ; SC_TEI0026/synthesis/SC_TEI0026.regmap                       ; --            ; --          ; --         ;
; SLD_FILE                            ; SC_TEI0026/synthesis/SC_TEI0026.debuginfo                    ; --            ; --          ; --         ;
; SLD_INFO                            ; QSYS_NAME SC_TEI0026 HAS_SOPCINFO 1 GENERATION_ID 1586159294 ; --            ; SC_TEI0026  ; --         ;
; SOPCINFO_FILE                       ; SC_TEI0026/synthesis/../../SC_TEI0026.sopcinfo               ; --            ; --          ; --         ;
; SYNTHESIS_ONLY_QIP                  ; On                                                           ; --            ; --          ; --         ;
+-------------------------------------+--------------------------------------------------------------+---------------+-------------+------------+


+-------------------------------------------------------------------------------------------------------------------------------+
; Flow Elapsed Time                                                                                                             ;
+---------------------------+--------------+-------------------------+---------------------+------------------------------------+
; Module Name               ; Elapsed Time ; Average Processors Used ; Peak Virtual Memory ; Total CPU Time (on all processors) ;
+---------------------------+--------------+-------------------------+---------------------+------------------------------------+
; Analysis & Synthesis      ; 00:00:40     ; 1.0                     ; 1046 MB             ; 00:01:15                           ;
; Fitter                    ; 00:00:25     ; 1.1                     ; 1306 MB             ; 00:00:32                           ;
; Assembler                 ; 00:00:02     ; 1.0                     ; 803 MB              ; 00:00:02                           ;
; Power Analyzer            ; 00:00:12     ; 1.1                     ; 1222 MB             ; 00:00:13                           ;
; TimeQuest Timing Analyzer ; 00:00:07     ; 1.3                     ; 826 MB              ; 00:00:09                           ;
; Total                     ; 00:01:26     ; --                      ; --                  ; 00:02:11                           ;
+---------------------------+--------------+-------------------------+---------------------+------------------------------------+


+---------------------------------------------------------------------------------------------+
; Flow OS Summary                                                                             ;
+---------------------------+------------------+----------------+------------+----------------+
; Module Name               ; Machine Hostname ; OS Name        ; OS Version ; Processor type ;
+---------------------------+------------------+----------------+------------+----------------+
; Analysis & Synthesis      ; jordi-TM1613     ; Ubuntu 20.04.3 ; 20         ; x86_64         ;
; Fitter                    ; jordi-TM1613     ; Ubuntu 20.04.3 ; 20         ; x86_64         ;
; Assembler                 ; jordi-TM1613     ; Ubuntu 20.04.3 ; 20         ; x86_64         ;
; Power Analyzer            ; jordi-TM1613     ; Ubuntu 20.04.3 ; 20         ; x86_64         ;
; TimeQuest Timing Analyzer ; jordi-TM1613     ; Ubuntu 20.04.3 ; 20         ; x86_64         ;
+---------------------------+------------------+----------------+------------+----------------+


------------
; Flow Log ;
------------
quartus_map --read_settings_files=on --write_settings_files=off TEI0026 -c TEI0026
quartus_fit --read_settings_files=off --write_settings_files=off TEI0026 -c TEI0026
quartus_asm --read_settings_files=off --write_settings_files=off TEI0026 -c TEI0026
quartus_pow --read_settings_files=off --write_settings_files=off TEI0026 -c TEI0026
quartus_sta TEI0026 -c TEI0026



